<?xml version="1.0" encoding="UTF-8"?>
<!-- Generated by org.testng.reporters.JUnitXMLReporter -->
<testsuite ignored="0" hostname="ibraheem" failures="0" tests="3" name="Default test" time="8.416" errors="0" timestamp="2023-12-06T03:10:21 EET">
  <testcase classname="almosafer.tests" name="checkcontractnumber" time="0.918"/>
  <testcase classname="almosafer.tests" name="tocheckcurrency" time="0.124"/>
  <testcase classname="almosafer.tests" name="tochecklanguege" time="0.138"/>
</testsuite> <!-- Default test -->
