<?xml version="1.0" encoding="UTF-8"?>
<!-- Generated by org.testng.reporters.JUnitXMLReporter -->
<testsuite ignored="6" hostname="ibraheem" failures="0" tests="1" name="Default test" time="36.181" errors="0" timestamp="2023-12-08T03:19:36 EET">
  <testcase classname="almosafer.tests" name="Hotels" time="30.309"/>
  <testcase classname="almosafer.tests" name="Hotels_search_tab_isnot_selected_bydefault" time="0.0">
    <ignored/>
  </testcase> <!-- Hotels_search_tab_isnot_selected_bydefault -->
  <testcase classname="almosafer.tests" name="checkcontractnumber" time="0.0">
    <ignored/>
  </testcase> <!-- checkcontractnumber -->
  <testcase classname="almosafer.tests" name="tocheckcurrency" time="0.0">
    <ignored/>
  </testcase> <!-- tocheckcurrency -->
  <testcase classname="almosafer.tests" name="tochecklogoinfooter" time="0.0">
    <ignored/>
  </testcase> <!-- tochecklogoinfooter -->
  <testcase classname="almosafer.tests" name="random_method_tochange_language" time="0.0">
    <ignored/>
  </testcase> <!-- random_method_tochange_language -->
  <testcase classname="almosafer.tests" name="tochecklanguege" time="0.0">
    <ignored/>
  </testcase> <!-- tochecklanguege -->
</testsuite> <!-- Default test -->
