<?xml version="1.0" encoding="UTF-8"?>
<testng-results ignored="0" total="3" passed="3" failed="0" skipped="0">
  <reporter-output>
  </reporter-output>
  <suite started-at="2023-12-06T03:10:13 EET" name="Default suite" finished-at="2023-12-06T03:10:21 EET" duration-ms="8416">
    <groups>
    </groups>
    <test started-at="2023-12-06T03:10:13 EET" name="Default test" finished-at="2023-12-06T03:10:21 EET" duration-ms="8416">
      <class name="almosafer.tests">
        <test-method is-config="true" signature="beforetest()[pri:0, instance:almosafer.tests@4de41af9]" started-at="2023-12-06T03:10:13 EET" name="beforetest" finished-at="2023-12-06T03:10:20 EET" duration-ms="7157" status="PASS">
          <reporter-output>
          </reporter-output>
        </test-method> <!-- beforetest -->
        <test-method signature="checkcontractnumber()[pri:0, instance:almosafer.tests@4de41af9]" started-at="2023-12-06T03:10:20 EET" name="checkcontractnumber" finished-at="2023-12-06T03:10:21 EET" duration-ms="918" status="PASS">
          <reporter-output>
          </reporter-output>
        </test-method> <!-- checkcontractnumber -->
        <test-method signature="tocheckcurrency()[pri:0, instance:almosafer.tests@4de41af9]" started-at="2023-12-06T03:10:21 EET" name="tocheckcurrency" finished-at="2023-12-06T03:10:21 EET" duration-ms="124" status="PASS">
          <reporter-output>
          </reporter-output>
        </test-method> <!-- tocheckcurrency -->
        <test-method signature="tochecklanguege()[pri:0, instance:almosafer.tests@4de41af9]" started-at="2023-12-06T03:10:21 EET" name="tochecklanguege" finished-at="2023-12-06T03:10:21 EET" duration-ms="138" status="PASS">
          <reporter-output>
          </reporter-output>
        </test-method> <!-- tochecklanguege -->
        <test-method is-config="true" signature="aftertest()[pri:0, instance:almosafer.tests@4de41af9]" started-at="2023-12-06T03:10:21 EET" name="aftertest" finished-at="2023-12-06T03:10:21 EET" duration-ms="1" status="PASS">
          <reporter-output>
          </reporter-output>
        </test-method> <!-- aftertest -->
      </class> <!-- almosafer.tests -->
    </test> <!-- Default test -->
  </suite> <!-- Default suite -->
</testng-results>
